[15.11.11|20:26:32] [:)] Simple Bruteforcer [:|] Version 0.9.2 [:(]
[15.11.11|20:26:32] [>:|] Attacking 'test'...
[15.11.11|20:26:32] [>:)] Brutes: ''
[15.11.11|20:26:32] [>:)] Fail-string: 'Wrong'
[15.11.11|20:26:32] [>:(] No proxy set.
[15.11.11|20:26:32] [>:)] Minimum characters: 1
[15.11.11|20:26:32] [>:)] Maximum characters: 10
[15.11.11|20:26:32] [:|] Starting bruteforce in 5 seconds.
[15.11.11|20:26:35] [:|] Loading cannons
[15.11.11|20:26:36] [:|] FIRE!!!
[15.11.11|20:26:37] [:(] '123456' ('123456') was invalid. (0min 0sec) (0/-1) (0ms)
[15.11.11|20:26:37] [:(] 'porsche' ('porsche') was invalid. (0min 0sec) (1/-1) (0ms)
[15.11.11|20:26:37] [:(] 'firebird' ('firebird') was invalid. (0min 0sec) (2/-1) (0ms)
[15.11.11|20:26:37] [:(] 'prince' ('prince') was invalid. (0min 0sec) (3/-1) (0ms)
[15.11.11|20:26:37] [:(] 'rosebud' ('rosebud') was invalid. (0min 0sec) (4/-1) (0ms)
[15.11.11|20:26:37] [:(] 'password' ('password') was invalid. (0min 0sec) (5/-1) (0ms)
[15.11.11|20:26:37] [:(] 'guitar' ('guitar') was invalid. (0min 0sec) (6/-1) (0ms)
[15.11.11|20:26:37] [:(] 'butter' ('butter') was invalid. (0min 0sec) (7/-1) (0ms)
[15.11.11|20:26:37] [:(] 'beach' ('beach') was invalid. (0min 0sec) (8/-1) (0ms)
[15.11.11|20:26:37] [:(] 'jaguar' ('jaguar') was invalid. (0min 0sec) (9/-1) (0ms)
[15.11.11|20:26:37] [:(] '12345678' ('12345678') was invalid. (0min 0sec) (10/-1) (0ms)
[15.11.11|20:26:37] [:(] 'chelsea' ('chelsea') was invalid. (0min 0sec) (11/-1) (0ms)
[15.11.11|20:26:37] [:(] 'united' ('united') was invalid. (0min 0sec) (12/-1) (0ms)
[15.11.11|20:26:37] [:(] 'amateur' ('amateur') was invalid. (0min 0sec) (13/-1) (0ms)
[15.11.11|20:26:37] [:(] 'great' ('great') was invalid. (0min 0sec) (14/-1) (0ms)
[15.11.11|20:26:37] [:(] '1234' ('1234') was invalid. (0min 0sec) (15/-1) (0ms)
[15.11.11|20:26:37] [:(] 'black' ('black') was invalid. (0min 0sec) (16/-1) (0ms)
[15.11.11|20:26:37] [:(] 'turtle' ('turtle') was invalid. (0min 0sec) (17/-1) (0ms)
[15.11.11|20:26:37] [:(] '7777777' ('7777777') was invalid. (0min 0sec) (18/-1) (0ms)
[15.11.11|20:26:37] [:(] 'cool' ('cool') was invalid. (0min 0sec) (19/-1) (0ms)
[15.11.11|20:26:37] [:(] 'pussy' ('pussy') was invalid. (0min 0sec) (20/-1) (0ms)
[15.11.11|20:26:37] [:(] 'diamond' ('diamond') was invalid. (0min 0sec) (21/-1) (0ms)
[15.11.11|20:26:37] [:(] 'steelers' ('steelers') was invalid. (0min 0sec) (22/-1) (0ms)
[15.11.11|20:26:37] [:(] 'muffin' ('muffin') was invalid. (0min 0sec) (23/-1) (0ms)
[15.11.11|20:26:37] [:(] 'cooper' ('cooper') was invalid. (0min 0sec) (24/-1) (0ms)
[15.11.11|20:26:37] [:(] '12345' ('12345') was invalid. (0min 0sec) (25/-1) (0ms)
[15.11.11|20:26:37] [:(] 'nascar' ('nascar') was invalid. (0min 0sec) (26/-1) (0ms)
[15.11.11|20:26:37] [:(] 'tiffany' ('tiffany') was invalid. (0min 0sec) (27/-1) (0ms)
[15.11.11|20:26:37] [:(] 'redsox' ('redsox') was invalid. (0min 0sec) (28/-1) (0ms)
[15.11.11|20:26:37] [:(] '1313' ('1313') was invalid. (0min 0sec) (29/-1) (0ms)
[15.11.11|20:26:37] [:(] 'dragon' ('dragon') was invalid. (0min 0sec) (30/-1) (0ms)
[15.11.11|20:26:37] [:(] 'jackson' ('jackson') was invalid. (0min 0sec) (31/-1) (0ms)
[15.11.11|20:26:37] [:(] 'zxcvbn' ('zxcvbn') was invalid. (0min 0sec) (32/-1) (0ms)
[15.11.11|20:26:37] [:(] 'star' ('star') was invalid. (0min 0sec) (33/-1) (0ms)
[15.11.11|20:26:37] [:(] 'scorpio' ('scorpio') was invalid. (0min 0sec) (34/-1) (0ms)
[15.11.11|20:26:37] [:(] 'qwerty' ('qwerty') was invalid. (0min 0sec) (35/-1) (0ms)
[15.11.11|20:26:37] [:(] 'cameron' ('cameron') was invalid. (0min 0sec) (36/-1) (0ms)
[15.11.11|20:26:37] [:(] 'tomcat' ('tomcat') was invalid. (0min 0sec) (37/-1) (0ms)
[15.11.11|20:26:37] [:(] 'testing' ('testing') was invalid. (0min 0sec) (38/-1) (0ms)
[15.11.11|20:26:37] [:(] 'mountain' ('mountain') was invalid. (0min 0sec) (39/-1) (0ms)
[15.11.11|20:26:37] [:(] '696969' ('696969') was invalid. (0min 0sec) (40/-1) (0ms)
[15.11.11|20:26:37] [:(] '654321' ('654321') was invalid. (0min 0sec) (41/-1) (0ms)
[15.11.11|20:26:37] [:(] 'golf' ('golf') was invalid. (0min 0sec) (42/-1) (0ms)
[15.11.11|20:26:37] [:(] 'shannon' ('shannon') was invalid. (0min 0sec) (43/-1) (0ms)
[15.11.11|20:26:37] [:(] 'madison' ('madison') was invalid. (0min 0sec) (44/-1) (0ms)
[15.11.11|20:26:37] [:(] 'mustang' ('mustang') was invalid. (0min 0sec) (45/-1) (0ms)
[15.11.11|20:26:37] [:(] 'computer' ('computer') was invalid. (0min 0sec) (46/-1) (0ms)
[15.11.11|20:26:37] [:(] 'bond007' ('bond007') was invalid. (0min 0sec) (47/-1) (0ms)
[15.11.11|20:26:37] [:(] 'murphy' ('murphy') was invalid. (0min 0sec) (48/-1) (0ms)
[15.11.11|20:26:37] [:(] '987654' ('987654') was invalid. (0min 0sec) (49/-1) (0ms)
[15.11.11|20:26:37] [:(] 'letmein' ('letmein') was invalid. (0min 0sec) (50/-1) (0ms)
[15.11.11|20:26:37] [:(] 'amanda' ('amanda') was invalid. (0min 0sec) (51/-1) (0ms)
[15.11.11|20:26:37] [:(] 'bear' ('bear') was invalid. (0min 0sec) (52/-1) (0ms)
[15.11.11|20:26:37] [:(] 'frank' ('frank') was invalid. (0min 0sec) (53/-1) (0ms)
[15.11.11|20:26:37] [:(] 'brazil' ('brazil') was invalid. (0min 0sec) (54/-1) (0ms)
[15.11.11|20:26:37] [:(] 'baseball' ('baseball') was invalid. (0min 0sec) (55/-1) (0ms)
[15.11.11|20:26:37] [:(] 'wizard' ('wizard') was invalid. (0min 0sec) (56/-1) (0ms)
[15.11.11|20:26:37] [:(] 'tiger' ('tiger') was invalid. (0min 0sec) (57/-1) (0ms)
[15.11.11|20:26:37] [:(] 'hannah' ('hannah') was invalid. (0min 0sec) (58/-1) (0ms)
[15.11.11|20:26:37] [:(] 'lauren' ('lauren') was invalid. (0min 0sec) (59/-1) (0ms)
[15.11.11|20:26:37] [:(] 'master' ('master') was invalid. (0min 0sec) (60/-1) (0ms)
[15.11.11|20:26:37] [:(] 'xxxxxxxx' ('xxxxxxxx') was invalid. (0min 0sec) (61/-1) (0ms)
[15.11.11|20:26:37] [:(] 'doctor' ('doctor') was invalid. (0min 0sec) (62/-1) (0ms)
[15.11.11|20:26:37] [:(] 'dave' ('dave') was invalid. (0min 0sec) (63/-1) (0ms)
[15.11.11|20:26:37] [:(] 'japan' ('japan') was invalid. (0min 0sec) (64/-1) (0ms)
[15.11.11|20:26:37] [:(] 'michael' ('michael') was invalid. (0min 0sec) (65/-1) (0ms)
[15.11.11|20:26:37] [:(] 'money' ('money') was invalid. (0min 0sec) (66/-1) (0ms)
[15.11.11|20:26:37] [:(] 'gateway' ('gateway') was invalid. (0min 0sec) (67/-1) (0ms)
[15.11.11|20:26:37] [:(] 'eagle1' ('eagle1') was invalid. (0min 0sec) (68/-1) (0ms)
[15.11.11|20:26:37] [:(] 'naked' ('naked') was invalid. (0min 0sec) (69/-1) (0ms)
[15.11.11|20:26:37] [:(] 'football' ('football') was invalid. (0min 0sec) (70/-1) (0ms)
[15.11.11|20:26:37] [:(] 'phoenix' ('phoenix') was invalid. (0min 0sec) (71/-1) (0ms)
[15.11.11|20:26:37] [:(] 'gators' ('gators') was invalid. (0min 0sec) (72/-1) (0ms)
[15.11.11|20:26:37] [:(] '11111' ('11111') was invalid. (0min 0sec) (73/-1) (0ms)
[15.11.11|20:26:37] [:(] 'squirt' ('squirt') was invalid. (0min 0sec) (74/-1) (0ms)
[15.11.11|20:26:37] [:(] 'shadow' ('shadow') was invalid. (0min 0sec) (75/-1) (0ms)
[15.11.11|20:26:37] [:(] 'mickey' ('mickey') was invalid. (0min 0sec) (76/-1) (0ms)
[15.11.11|20:26:37] [:(] 'angel' ('angel') was invalid. (0min 0sec) (77/-1) (0ms)
[15.11.11|20:26:37] [:(] 'mother' ('mother') was invalid. (0min 0sec) (78/-1) (0ms)
[15.11.11|20:26:37] [:(] 'stars' ('stars') was invalid. (0min 0sec) (79/-1) (0ms)
[15.11.11|20:26:37] [:(] 'monkey' ('monkey') was invalid. (0min 0sec) (80/-1) (0ms)
[15.11.11|20:26:37] [:(] 'bailey' ('bailey') was invalid. (0min 0sec) (81/-1) (0ms)
[15.11.11|20:26:37] [:(] 'junior' ('junior') was invalid. (0min 0sec) (82/-1) (0ms)
[15.11.11|20:26:37] [:(] 'nathan' ('nathan') was invalid. (0min 0sec) (83/-1) (0ms)
[15.11.11|20:26:37] [:(] 'apple' ('apple') was invalid. (0min 0sec) (84/-1) (0ms)
[15.11.11|20:26:37] [:(] 'abc123' ('abc123') was invalid. (0min 0sec) (85/-1) (0ms)
[15.11.11|20:26:37] [:(] 'knight' ('knight') was invalid. (0min 0sec) (86/-1) (0ms)
[15.11.11|20:26:37] [:(] 'thx1138' ('thx1138') was invalid. (0min 0sec) (87/-1) (0ms)
[15.11.11|20:26:37] [:(] 'raiders' ('raiders') was invalid. (0min 0sec) (88/-1) (0ms)
[15.11.11|20:26:37] [:(] 'alexis' ('alexis') was invalid. (0min 0sec) (89/-1) (0ms)
[15.11.11|20:26:37] [:(] 'pass' ('pass') was invalid. (0min 0sec) (90/-1) (0ms)
[15.11.11|20:26:37] [:(] 'iceman' ('iceman') was invalid. (0min 0sec) (91/-1) (0ms)
[15.11.11|20:26:37] [:(] 'porno' ('porno') was invalid. (0min 0sec) (92/-1) (0ms)
[15.11.11|20:26:37] [:(] 'steve' ('steve') was invalid. (0min 0sec) (93/-1) (0ms)
[15.11.11|20:26:37] [:(] 'aaaa' ('aaaa') was invalid. (0min 0sec) (94/-1) (0ms)
[15.11.11|20:26:37] [:(] 'fuckme' ('fuckme') was invalid. (0min 0sec) (95/-1) (0ms)
[15.11.11|20:26:37] [:(] 'tigers' ('tigers') was invalid. (0min 0sec) (96/-1) (0ms)
[15.11.11|20:26:37] [:(] 'badboy' ('badboy') was invalid. (0min 0sec) (97/-1) (0ms)
[15.11.11|20:26:37] [:(] 'forever' ('forever') was invalid. (0min 0sec) (98/-1) (0ms)
[15.11.11|20:26:37] [:(] 'bonnie' ('bonnie') was invalid. (0min 0sec) (99/-1) (0ms)
[15.11.11|20:26:37] [:(] '6969' ('6969') was invalid. (0min 0sec) (100/-1) (0ms)
[15.11.11|20:26:37] [:(] 'purple' ('purple') was invalid. (0min 0sec) (101/-1) (0ms)
[15.11.11|20:26:37] [:(] 'debbie' ('debbie') was invalid. (0min 0sec) (102/-1) (0ms)
[15.11.11|20:26:37] [:(] 'angela' ('angela') was invalid. (0min 0sec) (103/-1) (0ms)
[15.11.11|20:26:37] [:(] 'peaches' ('peaches') was invalid. (0min 0sec) (104/-1) (0ms)
[15.11.11|20:26:37] [:(] 'jordan' ('jordan') was invalid. (0min 0sec) (105/-1) (0ms)
[15.11.11|20:26:37] [:(] 'andrea' ('andrea') was invalid. (0min 0sec) (106/-1) (0ms)
[15.11.11|20:26:37] [:(] 'spider' ('spider') was invalid. (0min 0sec) (107/-1) (0ms)
[15.11.11|20:26:37] [:(] 'viper' ('viper') was invalid. (0min 0sec) (108/-1) (0ms)
[15.11.11|20:26:37] [:(] 'jasmine' ('jasmine') was invalid. (0min 0sec) (109/-1) (0ms)
[15.11.11|20:26:37] [:(] 'harley' ('harley') was invalid. (0min 0sec) (110/-1) (0ms)
[15.11.11|20:26:37] [:(] 'horny' ('horny') was invalid. (0min 0sec) (111/-1) (0ms)
[15.11.11|20:26:37] [:(] 'melissa' ('melissa') was invalid. (0min 0sec) (112/-1) (0ms)
[15.11.11|20:26:37] [:(] 'ou812' ('ou812') was invalid. (0min 0sec) (113/-1) (0ms)
[15.11.11|20:26:37] [:(] 'kevin' ('kevin') was invalid. (0min 0sec) (114/-1) (0ms)
[15.11.11|20:26:37] [:(] 'ranger' ('ranger') was invalid. (0min 0sec) (115/-1) (0ms)
[15.11.11|20:26:37] [:(] 'dakota' ('dakota') was invalid. (0min 0sec) (116/-1) (0ms)
[15.11.11|20:26:37] [:(] 'booger' ('booger') was invalid. (0min 0sec) (117/-1) (0ms)
[15.11.11|20:26:37] [:(] 'jake' ('jake') was invalid. (0min 0sec) (118/-1) (0ms)
[15.11.11|20:26:37] [:(] 'matt' ('matt') was invalid. (0min 0sec) (119/-1) (0ms)
[15.11.11|20:26:37] [:(] 'iwantu' ('iwantu') was invalid. (0min 0sec) (120/-1) (0ms)
[15.11.11|20:26:37] [:(] 'aaaaaa' ('aaaaaa') was invalid. (0min 0sec) (121/-1) (0ms)
[15.11.11|20:26:37] [:(] '1212' ('1212') was invalid. (0min 0sec) (122/-1) (0ms)
[15.11.11|20:26:37] [:(] 'lovers' ('lovers') was invalid. (0min 0sec) (123/-1) (0ms)
[15.11.11|20:26:37] [:(] 'qwertyui' ('qwertyui') was invalid. (0min 0sec) (124/-1) (0ms)
[15.11.11|20:26:37] [:(] 'jennifer' ('jennifer') was invalid. (0min 0sec) (125/-1) (0ms)
[15.11.11|20:26:37] [:(] 'player' ('player') was invalid. (0min 0sec) (126/-1) (0ms)
[15.11.11|20:26:37] [:(] 'flyers' ('flyers') was invalid. (0min 0sec) (127/-1) (0ms)
[15.11.11|20:26:37] [:(] 'suckit' ('suckit') was invalid. (0min 0sec) (128/-1) (0ms)
[15.11.11|20:26:37] [:(] 'danielle' ('danielle') was invalid. (0min 0sec) (129/-1) (0ms)
[15.11.11|20:26:37] [:(] 'hunter' ('hunter') was invalid. (0min 0sec) (130/-1) (0ms)
[15.11.11|20:26:37] [:(] 'sunshine' ('sunshine') was invalid. (0min 0sec) (131/-1) (0ms)
[15.11.11|20:26:37] [:(] 'fish' ('fish') was invalid. (0min 0sec) (132/-1) (0ms)
[15.11.11|20:26:37] [:(] 'gregory' ('gregory') was invalid. (0min 0sec) (133/-1) (0ms)
[15.11.11|20:26:37] [:(] 'beaver' ('beaver') was invalid. (0min 0sec) (134/-1) (0ms)
[15.11.11|20:26:37] [:(] 'fuck' ('fuck') was invalid. (0min 0sec) (135/-1) (0ms)
[15.11.11|20:26:37] [:(] 'morgan' ('morgan') was invalid. (0min 0sec) (136/-1) (0ms)
[15.11.11|20:26:37] [:(] 'porn' ('porn') was invalid. (0min 0sec) (137/-1) (0ms)
[15.11.11|20:26:37] [:(] 'buddy' ('buddy') was invalid. (0min 0sec) (138/-1) (0ms)
[15.11.11|20:26:37] [:(] '4321' ('4321') was invalid. (0min 0sec) (139/-1) (0ms)
[15.11.11|20:26:37] [:(] '2000' ('2000') was invalid. (0min 0sec) (140/-1) (0ms)
[15.11.11|20:26:37] [:(] 'starwars' ('starwars') was invalid. (0min 0sec) (141/-1) (0ms)
[15.11.11|20:26:37] [:(] 'matrix' ('matrix') was invalid. (0min 0sec) (142/-1) (0ms)
[15.11.11|20:26:37] [:(] 'whatever' ('whatever') was invalid. (0min 0sec) (143/-1) (0ms)
[15.11.11|20:26:37] [:(] '4128' ('4128') was invalid. (0min 0sec) (144/-1) (0ms)
[15.11.11|20:26:37] [:)] Done, the password is: 'test'! (Took 0sec to bruteforce)
