[28.11.11|18:59:43] [ :)] Simple Bruteforcer [:|] Version 0.9.7 [:(]
[28.11.11|18:59:43] [>:|] Attacking 'matrix'...
[28.11.11|18:59:43] [>:)] Brutes: ''
[28.11.11|18:59:43] [>:)] Fail-string: 'Wrong'
[28.11.11|18:59:43] [>:(] No proxy set.
[28.11.11|18:59:43] [>:)] Minimum characters: 1
[28.11.11|18:59:43] [>:)] Maximum characters: 10
[28.11.11|18:59:43] [ :|] Starting bruteforce in 5 seconds.
[28.11.11|18:59:46] [ :|] Loading cannons
[28.11.11|18:59:47] [ :|] FIRE!!!
[28.11.11|18:59:48] [ :(] '123456' ('123456') was invalid. (0min 0sec) (0/494) (0ms)
[28.11.11|18:59:48] [ :(] 'porsche' ('porsche') was invalid. (0min 0sec) (1/494) (0ms)
[28.11.11|18:59:48] [ :(] 'firebird' ('firebird') was invalid. (0min 0sec) (2/494) (0ms)
[28.11.11|18:59:48] [ :(] 'prince' ('prince') was invalid. (0min 0sec) (3/494) (0ms)
[28.11.11|18:59:48] [ :(] 'rosebud' ('rosebud') was invalid. (0min 0sec) (4/494) (0ms)
[28.11.11|18:59:48] [ :(] 'password' ('password') was invalid. (0min 0sec) (5/494) (0ms)
[28.11.11|18:59:48] [ :(] 'guitar' ('guitar') was invalid. (0min 0sec) (6/494) (0ms)
[28.11.11|18:59:48] [ :(] 'butter' ('butter') was invalid. (0min 0sec) (7/494) (0ms)
[28.11.11|18:59:48] [ :(] 'beach' ('beach') was invalid. (0min 0sec) (8/494) (0ms)
[28.11.11|18:59:48] [ :(] 'jaguar' ('jaguar') was invalid. (0min 0sec) (9/494) (0ms)
[28.11.11|18:59:48] [ :(] '12345678' ('12345678') was invalid. (0min 0sec) (10/494) (0ms)
[28.11.11|18:59:48] [ :(] 'chelsea' ('chelsea') was invalid. (0min 0sec) (11/494) (0ms)
[28.11.11|18:59:48] [ :(] 'united' ('united') was invalid. (0min 0sec) (12/494) (0ms)
[28.11.11|18:59:48] [ :(] 'amateur' ('amateur') was invalid. (0min 0sec) (13/494) (0ms)
[28.11.11|18:59:48] [ :(] 'great' ('great') was invalid. (0min 0sec) (14/494) (0ms)
[28.11.11|18:59:48] [ :(] '1234' ('1234') was invalid. (0min 0sec) (15/494) (0ms)
[28.11.11|18:59:48] [ :(] 'black' ('black') was invalid. (0min 0sec) (16/494) (0ms)
[28.11.11|18:59:48] [ :(] 'turtle' ('turtle') was invalid. (0min 0sec) (17/494) (0ms)
[28.11.11|18:59:48] [ :(] '7777777' ('7777777') was invalid. (0min 0sec) (18/494) (0ms)
[28.11.11|18:59:48] [ :(] 'cool' ('cool') was invalid. (0min 0sec) (19/494) (0ms)
[28.11.11|18:59:48] [ :(] 'pussy' ('pussy') was invalid. (0min 0sec) (20/494) (0ms)
[28.11.11|18:59:48] [ :(] 'diamond' ('diamond') was invalid. (0min 0sec) (21/494) (0ms)
[28.11.11|18:59:48] [ :(] 'steelers' ('steelers') was invalid. (0min 0sec) (22/494) (0ms)
[28.11.11|18:59:48] [ :(] 'muffin' ('muffin') was invalid. (0min 0sec) (23/494) (0ms)
[28.11.11|18:59:48] [ :(] 'cooper' ('cooper') was invalid. (0min 0sec) (24/494) (0ms)
[28.11.11|18:59:48] [ :(] '12345' ('12345') was invalid. (0min 0sec) (25/494) (0ms)
[28.11.11|18:59:48] [ :(] 'nascar' ('nascar') was invalid. (0min 0sec) (26/494) (0ms)
[28.11.11|18:59:48] [ :(] 'tiffany' ('tiffany') was invalid. (0min 0sec) (27/494) (0ms)
[28.11.11|18:59:48] [ :(] 'redsox' ('redsox') was invalid. (0min 0sec) (28/494) (0ms)
[28.11.11|18:59:48] [ :(] '1313' ('1313') was invalid. (0min 0sec) (29/494) (0ms)
[28.11.11|18:59:48] [ :(] 'dragon' ('dragon') was invalid. (0min 0sec) (30/494) (0ms)
[28.11.11|18:59:48] [ :(] 'jackson' ('jackson') was invalid. (0min 0sec) (31/494) (0ms)
[28.11.11|18:59:48] [ :(] 'zxcvbn' ('zxcvbn') was invalid. (0min 0sec) (32/494) (0ms)
[28.11.11|18:59:48] [ :(] 'star' ('star') was invalid. (0min 0sec) (33/494) (0ms)
[28.11.11|18:59:48] [ :(] 'scorpio' ('scorpio') was invalid. (0min 0sec) (34/494) (0ms)
[28.11.11|18:59:48] [ :(] 'qwerty' ('qwerty') was invalid. (0min 0sec) (35/494) (0ms)
[28.11.11|18:59:48] [ :(] 'cameron' ('cameron') was invalid. (0min 0sec) (36/494) (0ms)
[28.11.11|18:59:48] [ :(] 'tomcat' ('tomcat') was invalid. (0min 0sec) (37/494) (0ms)
[28.11.11|18:59:48] [ :(] 'testing' ('testing') was invalid. (0min 0sec) (38/494) (0ms)
[28.11.11|18:59:48] [ :(] 'mountain' ('mountain') was invalid. (0min 0sec) (39/494) (0ms)
[28.11.11|18:59:48] [ :(] '696969' ('696969') was invalid. (0min 0sec) (40/494) (0ms)
[28.11.11|18:59:48] [ :(] '654321' ('654321') was invalid. (0min 0sec) (41/494) (0ms)
[28.11.11|18:59:48] [ :(] 'golf' ('golf') was invalid. (0min 0sec) (42/494) (0ms)
[28.11.11|18:59:48] [ :(] 'shannon' ('shannon') was invalid. (0min 0sec) (43/494) (0ms)
[28.11.11|18:59:48] [ :(] 'madison' ('madison') was invalid. (0min 0sec) (44/494) (0ms)
[28.11.11|18:59:48] [ :(] 'mustang' ('mustang') was invalid. (0min 0sec) (45/494) (0ms)
[28.11.11|18:59:48] [ :(] 'computer' ('computer') was invalid. (0min 0sec) (46/494) (0ms)
[28.11.11|18:59:48] [ :(] 'bond007' ('bond007') was invalid. (0min 0sec) (47/494) (0ms)
[28.11.11|18:59:48] [ :(] 'murphy' ('murphy') was invalid. (0min 0sec) (48/494) (0ms)
[28.11.11|18:59:48] [ :(] '987654' ('987654') was invalid. (0min 0sec) (49/494) (0ms)
[28.11.11|18:59:48] [ :(] 'letmein' ('letmein') was invalid. (0min 0sec) (50/494) (0ms)
[28.11.11|18:59:48] [ :(] 'amanda' ('amanda') was invalid. (0min 0sec) (51/494) (0ms)
[28.11.11|18:59:48] [ :(] 'bear' ('bear') was invalid. (0min 0sec) (52/494) (0ms)
[28.11.11|18:59:48] [ :(] 'frank' ('frank') was invalid. (0min 0sec) (53/494) (0ms)
[28.11.11|18:59:48] [ :(] 'brazil' ('brazil') was invalid. (0min 0sec) (54/494) (0ms)
[28.11.11|18:59:48] [ :(] 'baseball' ('baseball') was invalid. (0min 0sec) (55/494) (0ms)
[28.11.11|18:59:48] [ :(] 'wizard' ('wizard') was invalid. (0min 0sec) (56/494) (0ms)
[28.11.11|18:59:48] [ :(] 'tiger' ('tiger') was invalid. (0min 0sec) (57/494) (0ms)
[28.11.11|18:59:48] [ :(] 'hannah' ('hannah') was invalid. (0min 0sec) (58/494) (0ms)
[28.11.11|18:59:48] [ :(] 'lauren' ('lauren') was invalid. (0min 0sec) (59/494) (0ms)
[28.11.11|18:59:48] [ :(] 'master' ('master') was invalid. (0min 0sec) (60/494) (0ms)
[28.11.11|18:59:48] [ :(] 'xxxxxxxx' ('xxxxxxxx') was invalid. (0min 0sec) (61/494) (0ms)
[28.11.11|18:59:48] [ :(] 'doctor' ('doctor') was invalid. (0min 0sec) (62/494) (0ms)
[28.11.11|18:59:48] [ :(] 'dave' ('dave') was invalid. (0min 0sec) (63/494) (0ms)
[28.11.11|18:59:48] [ :(] 'japan' ('japan') was invalid. (0min 0sec) (64/494) (0ms)
[28.11.11|18:59:48] [ :(] 'michael' ('michael') was invalid. (0min 0sec) (65/494) (0ms)
[28.11.11|18:59:48] [ :(] 'money' ('money') was invalid. (0min 0sec) (66/494) (0ms)
[28.11.11|18:59:48] [ :(] 'gateway' ('gateway') was invalid. (0min 0sec) (67/494) (0ms)
[28.11.11|18:59:48] [ :(] 'eagle1' ('eagle1') was invalid. (0min 0sec) (68/494) (0ms)
[28.11.11|18:59:48] [ :(] 'naked' ('naked') was invalid. (0min 0sec) (69/494) (0ms)
[28.11.11|18:59:48] [ :(] 'football' ('football') was invalid. (0min 0sec) (70/494) (0ms)
[28.11.11|18:59:48] [ :(] 'phoenix' ('phoenix') was invalid. (0min 0sec) (71/494) (0ms)
[28.11.11|18:59:48] [ :(] 'gators' ('gators') was invalid. (0min 0sec) (72/494) (0ms)
[28.11.11|18:59:48] [ :(] '11111' ('11111') was invalid. (0min 0sec) (73/494) (0ms)
[28.11.11|18:59:48] [ :(] 'squirt' ('squirt') was invalid. (0min 0sec) (74/494) (0ms)
[28.11.11|18:59:48] [ :(] 'shadow' ('shadow') was invalid. (0min 0sec) (75/494) (0ms)
[28.11.11|18:59:48] [ :(] 'mickey' ('mickey') was invalid. (0min 0sec) (76/494) (0ms)
[28.11.11|18:59:48] [ :(] 'angel' ('angel') was invalid. (0min 0sec) (77/494) (0ms)
[28.11.11|18:59:48] [ :(] 'mother' ('mother') was invalid. (0min 0sec) (78/494) (0ms)
[28.11.11|18:59:48] [ :(] 'stars' ('stars') was invalid. (0min 0sec) (79/494) (0ms)
[28.11.11|18:59:48] [ :(] 'monkey' ('monkey') was invalid. (0min 0sec) (80/494) (0ms)
[28.11.11|18:59:48] [ :(] 'bailey' ('bailey') was invalid. (0min 0sec) (81/494) (0ms)
[28.11.11|18:59:48] [ :(] 'junior' ('junior') was invalid. (0min 0sec) (82/494) (0ms)
[28.11.11|18:59:48] [ :(] 'nathan' ('nathan') was invalid. (0min 0sec) (83/494) (0ms)
[28.11.11|18:59:48] [ :(] 'apple' ('apple') was invalid. (0min 0sec) (84/494) (0ms)
[28.11.11|18:59:48] [ :(] 'abc123' ('abc123') was invalid. (0min 0sec) (85/494) (0ms)
[28.11.11|18:59:48] [ :(] 'knight' ('knight') was invalid. (0min 0sec) (86/494) (0ms)
[28.11.11|18:59:48] [ :(] 'thx1138' ('thx1138') was invalid. (0min 0sec) (87/494) (0ms)
[28.11.11|18:59:48] [ :(] 'raiders' ('raiders') was invalid. (0min 0sec) (88/494) (0ms)
[28.11.11|18:59:48] [ :(] 'alexis' ('alexis') was invalid. (0min 0sec) (89/494) (0ms)
[28.11.11|18:59:48] [ :(] 'pass' ('pass') was invalid. (0min 0sec) (90/494) (0ms)
[28.11.11|18:59:48] [ :(] 'iceman' ('iceman') was invalid. (0min 0sec) (91/494) (0ms)
[28.11.11|18:59:48] [ :(] 'porno' ('porno') was invalid. (0min 0sec) (92/494) (0ms)
[28.11.11|18:59:48] [ :(] 'steve' ('steve') was invalid. (0min 0sec) (93/494) (0ms)
[28.11.11|18:59:48] [ :(] 'aaaa' ('aaaa') was invalid. (0min 0sec) (94/494) (0ms)
[28.11.11|18:59:48] [ :(] 'fuckme' ('fuckme') was invalid. (0min 0sec) (95/494) (0ms)
[28.11.11|18:59:48] [ :(] 'tigers' ('tigers') was invalid. (0min 0sec) (96/494) (0ms)
[28.11.11|18:59:48] [ :(] 'badboy' ('badboy') was invalid. (0min 0sec) (97/494) (0ms)
[28.11.11|18:59:48] [ :(] 'forever' ('forever') was invalid. (0min 0sec) (98/494) (0ms)
[28.11.11|18:59:48] [ :(] 'bonnie' ('bonnie') was invalid. (0min 0sec) (99/494) (0ms)
[28.11.11|18:59:48] [ :(] '6969' ('6969') was invalid. (0min 0sec) (100/494) (0ms)
[28.11.11|18:59:48] [ :(] 'purple' ('purple') was invalid. (0min 0sec) (101/494) (0ms)
[28.11.11|18:59:48] [ :(] 'debbie' ('debbie') was invalid. (0min 0sec) (102/494) (0ms)
[28.11.11|18:59:48] [ :(] 'angela' ('angela') was invalid. (0min 0sec) (103/494) (0ms)
[28.11.11|18:59:48] [ :(] 'peaches' ('peaches') was invalid. (0min 0sec) (104/494) (0ms)
[28.11.11|18:59:48] [ :(] 'jordan' ('jordan') was invalid. (0min 0sec) (105/494) (0ms)
[28.11.11|18:59:48] [ :(] 'andrea' ('andrea') was invalid. (0min 0sec) (106/494) (0ms)
[28.11.11|18:59:48] [ :(] 'spider' ('spider') was invalid. (0min 0sec) (107/494) (0ms)
[28.11.11|18:59:48] [ :(] 'viper' ('viper') was invalid. (0min 0sec) (108/494) (0ms)
[28.11.11|18:59:48] [ :(] 'jasmine' ('jasmine') was invalid. (0min 0sec) (109/494) (0ms)
[28.11.11|18:59:48] [ :(] 'harley' ('harley') was invalid. (0min 0sec) (110/494) (0ms)
[28.11.11|18:59:48] [ :(] 'horny' ('horny') was invalid. (0min 0sec) (111/494) (0ms)
[28.11.11|18:59:48] [ :(] 'melissa' ('melissa') was invalid. (0min 0sec) (112/494) (0ms)
[28.11.11|18:59:48] [ :(] 'ou812' ('ou812') was invalid. (0min 0sec) (113/494) (0ms)
[28.11.11|18:59:48] [ :(] 'kevin' ('kevin') was invalid. (0min 0sec) (114/494) (0ms)
[28.11.11|18:59:48] [ :(] 'ranger' ('ranger') was invalid. (0min 0sec) (115/494) (0ms)
[28.11.11|18:59:48] [ :(] 'dakota' ('dakota') was invalid. (0min 0sec) (116/494) (0ms)
[28.11.11|18:59:48] [ :(] 'booger' ('booger') was invalid. (0min 0sec) (117/494) (0ms)
[28.11.11|18:59:48] [ :(] 'jake' ('jake') was invalid. (0min 0sec) (118/494) (0ms)
[28.11.11|18:59:48] [ :(] 'matt' ('matt') was invalid. (0min 0sec) (119/494) (0ms)
[28.11.11|18:59:48] [ :(] 'iwantu' ('iwantu') was invalid. (0min 0sec) (120/494) (0ms)
[28.11.11|18:59:48] [ :(] 'aaaaaa' ('aaaaaa') was invalid. (0min 0sec) (121/494) (0ms)
[28.11.11|18:59:48] [ :(] '1212' ('1212') was invalid. (0min 0sec) (122/494) (0ms)
[28.11.11|18:59:48] [ :(] 'lovers' ('lovers') was invalid. (0min 0sec) (123/494) (0ms)
[28.11.11|18:59:48] [ :(] 'qwertyui' ('qwertyui') was invalid. (0min 0sec) (124/494) (0ms)
[28.11.11|18:59:48] [ :(] 'jennifer' ('jennifer') was invalid. (0min 0sec) (125/494) (0ms)
[28.11.11|18:59:48] [ :(] 'player' ('player') was invalid. (0min 0sec) (126/494) (0ms)
[28.11.11|18:59:48] [ :(] 'flyers' ('flyers') was invalid. (0min 0sec) (127/494) (0ms)
[28.11.11|18:59:48] [ :(] 'suckit' ('suckit') was invalid. (0min 0sec) (128/494) (0ms)
[28.11.11|18:59:48] [ :(] 'danielle' ('danielle') was invalid. (0min 0sec) (129/494) (0ms)
[28.11.11|18:59:48] [ :(] 'hunter' ('hunter') was invalid. (0min 0sec) (130/494) (0ms)
[28.11.11|18:59:48] [ :(] 'sunshine' ('sunshine') was invalid. (0min 0sec) (131/494) (0ms)
[28.11.11|18:59:48] [ :(] 'fish' ('fish') was invalid. (0min 0sec) (132/494) (0ms)
[28.11.11|18:59:48] [ :(] 'gregory' ('gregory') was invalid. (0min 0sec) (133/494) (0ms)
[28.11.11|18:59:48] [ :(] 'beaver' ('beaver') was invalid. (0min 0sec) (134/494) (0ms)
[28.11.11|18:59:48] [ :(] 'fuck' ('fuck') was invalid. (0min 0sec) (135/494) (0ms)
[28.11.11|18:59:48] [ :(] 'morgan' ('morgan') was invalid. (0min 0sec) (136/494) (0ms)
[28.11.11|18:59:48] [ :(] 'porn' ('porn') was invalid. (0min 0sec) (137/494) (0ms)
[28.11.11|18:59:48] [ :(] 'buddy' ('buddy') was invalid. (0min 0sec) (138/494) (0ms)
[28.11.11|18:59:48] [ :(] '4321' ('4321') was invalid. (0min 0sec) (139/494) (0ms)
[28.11.11|18:59:48] [ :(] '2000' ('2000') was invalid. (0min 0sec) (140/494) (0ms)
[28.11.11|18:59:48] [ :(] 'starwars' ('starwars') was invalid. (0min 0sec) (141/494) (0ms)
[28.11.11|18:59:48] [ :)] Done, the password is: 'matrix'! (Took 0sec to bruteforce)
